<?xml version="1.0" encoding="UTF-8"?>
<!-- Generated by org.testng.reporters.JUnitReportReporter -->
<testsuite skipped="0" hostname="DESKTOP-H71TBD9" name="LoginTest" tests="1" failures="0" timestamp="2022-06-14T12:32:40 IDT" time="7.870" errors="0">
  <testcase name="login_test" time="7.870" classname="LoginTest"/>
</testsuite> <!-- LoginTest -->
